# JRE version: OpenJDK Runtime Environment (11.0.14+9) (build 11.0.14+9-Ubuntu-0ubuntu2.20.04)
# Java VM: OpenJDK 64-Bit Server VM (11.0.14+9-Ubuntu-0ubuntu2.20.04, mixed mode, sharing, tiered, compressed oops, g1 gc, linux-amd64)
Heap:
 garbage-first heap   total 196608K, used 89321K [0x0000000085c00000, 0x0000000100000000)
  region size 1024K, 70 young (71680K), 12 survivors (12288K)
 Metaspace       used 70514K, capacity 72654K, committed 72832K, reserved 1112064K
  class space    used 9155K, capacity 9993K, committed 10112K, reserved 1048576K
GC Heap History (20 events):
Event: 0,713 GC heap before
{Heap before GC invocations=0 (full 0):
 garbage-first heap   total 129024K, used 15048K [0x0000000085c00000, 0x0000000100000000)
  region size 1024K, 14 young (14336K), 0 survivors (0K)
 Metaspace       used 2914K, capacity 5696K, committed 6016K, reserved 1056768K
  class space    used 288K, capacity 559K, committed 640K, reserved 1048576K
}
Event: 0,728 GC heap after
{Heap after GC invocations=1 (full 0):
 garbage-first heap   total 129024K, used 6690K [0x0000000085c00000, 0x0000000100000000)
  region size 1024K, 2 young (2048K), 2 survivors (2048K)
 Metaspace       used 2914K, capacity 5696K, committed 6016K, reserved 1056768K
  class space    used 288K, capacity 559K, committed 640K, reserved 1048576K
}
Event: 0,981 GC heap before
{Heap before GC invocations=1 (full 0):
 garbage-first heap   total 129024K, used 15906K [0x0000000085c00000, 0x0000000100000000)
  region size 1024K, 11 young (11264K), 2 survivors (2048K)
 Metaspace       used 4706K, capacity 6678K, committed 6912K, reserved 1056768K
  class space    used 511K, capacity 697K, committed 768K, reserved 1048576K
}
Event: 0,993 GC heap after
{Heap after GC invocations=2 (full 0):
 garbage-first heap   total 129024K, used 7132K [0x0000000085c00000, 0x0000000100000000)
  region size 1024K, 1 young (1024K), 1 survivors (1024K)
 Metaspace       used 4706K, capacity 6678K, committed 6912K, reserved 1056768K
  class space    used 511K, capacity 697K, committed 768K, reserved 1048576K
}
Event: 1,852 GC heap before
{Heap before GC invocations=2 (full 0):
 garbage-first heap   total 129024K, used 33756K [0x0000000085c00000, 0x0000000100000000)
  region size 1024K, 27 young (27648K), 1 survivors (1024K)
 Metaspace       used 8173K, capacity 9053K, committed 9344K, reserved 1056768K
  class space    used 971K, capacity 1137K, committed 1152K, reserved 1048576K
}
Event: 1,859 GC heap after
{Heap after GC invocations=3 (full 0):
 garbage-first heap   total 129024K, used 8479K [0x0000000085c00000, 0x0000000100000000)
  region size 1024K, 2 young (2048K), 2 survivors (2048K)
 Metaspace       used 8173K, capacity 9053K, committed 9344K, reserved 1056768K
  class space    used 971K, capacity 1137K, committed 1152K, reserved 1048576K
}
Event: 2,701 GC heap before
{Heap before GC invocations=3 (full 0):
 garbage-first heap   total 129024K, used 54559K [0x0000000085c00000, 0x0000000100000000)
  region size 1024K, 47 young (48128K), 2 survivors (2048K)
 Metaspace       used 14220K, capacity 14723K, committed 14976K, reserved 1062912K
  class space    used 1850K, capacity 2064K, committed 2176K, reserved 1048576K
}
Event: 2,711 GC heap after
{Heap after GC invocations=4 (full 0):
 garbage-first heap   total 129024K, used 9915K [0x0000000085c00000, 0x0000000100000000)
  region size 1024K, 4 young (4096K), 4 survivors (4096K)
 Metaspace       used 14220K, capacity 14723K, committed 14976K, reserved 1062912K
  class space    used 1850K, capacity 2064K, committed 2176K, reserved 1048576K
}
Event: 3,725 GC heap before
{Heap before GC invocations=4 (full 0):
 garbage-first heap   total 129024K, used 63163K [0x0000000085c00000, 0x0000000100000000)
  region size 1024K, 58 young (59392K), 4 survivors (4096K)
 Metaspace       used 20281K, capacity 20908K, committed 21248K, reserved 1067008K
  class space    used 2541K, capacity 2805K, committed 2816K, reserved 1048576K
}
Event: 3,735 GC heap after
{Heap after GC invocations=5 (full 0):
 garbage-first heap   total 158720K, used 11885K [0x0000000085c00000, 0x0000000100000000)
  region size 1024K, 6 young (6144K), 6 survivors (6144K)
 Metaspace       used 20281K, capacity 20908K, committed 21248K, reserved 1067008K
  class space    used 2541K, capacity 2805K, committed 2816K, reserved 1048576K
}
Event: 5,602 GC heap before
{Heap before GC invocations=6 (full 0):
 garbage-first heap   total 158720K, used 98925K [0x0000000085c00000, 0x0000000100000000)
  region size 1024K, 91 young (93184K), 6 survivors (6144K)
 Metaspace       used 27897K, capacity 28905K, committed 29056K, reserved 1075200K
  class space    used 3567K, capacity 3959K, committed 3968K, reserved 1048576K
}
Event: 5,644 GC heap after
{Heap after GC invocations=7 (full 0):
 garbage-first heap   total 158720K, used 15040K [0x0000000085c00000, 0x0000000100000000)
  region size 1024K, 9 young (9216K), 9 survivors (9216K)
 Metaspace       used 27897K, capacity 28905K, committed 29056K, reserved 1075200K
  class space    used 3567K, capacity 3959K, committed 3968K, reserved 1048576K
}
Event: 6,500 GC heap before
{Heap before GC invocations=7 (full 0):
 garbage-first heap   total 158720K, used 60096K [0x0000000085c00000, 0x0000000100000000)
  region size 1024K, 54 young (55296K), 9 survivors (9216K)
 Metaspace       used 34245K, capacity 35419K, committed 35584K, reserved 1079296K
  class space    used 4295K, capacity 4768K, committed 4864K, reserved 1048576K
}
Event: 6,530 GC heap after
{Heap after GC invocations=8 (full 0):
 garbage-first heap   total 158720K, used 18901K [0x0000000085c00000, 0x0000000100000000)
  region size 1024K, 9 young (9216K), 9 survivors (9216K)
 Metaspace       used 34245K, capacity 35419K, committed 35584K, reserved 1079296K
  class space    used 4295K, capacity 4768K, committed 4864K, reserved 1048576K
}
Event: 8,992 GC heap before
{Heap before GC invocations=9 (full 0):
 garbage-first heap   total 158720K, used 104917K [0x0000000085c00000, 0x0000000100000000)
  region size 1024K, 93 young (95232K), 9 survivors (9216K)
 Metaspace       used 51404K, capacity 52744K, committed 52992K, reserved 1095680K
  class space    used 6815K, capacity 7384K, committed 7424K, reserved 1048576K
}
Event: 9,009 GC heap after
{Heap after GC invocations=10 (full 0):
 garbage-first heap   total 158720K, used 22983K [0x0000000085c00000, 0x0000000100000000)
  region size 1024K, 8 young (8192K), 8 survivors (8192K)
 Metaspace       used 51404K, capacity 52744K, committed 52992K, reserved 1095680K
  class space    used 6815K, capacity 7384K, committed 7424K, reserved 1048576K
}
Event: 10,667 GC heap before
{Heap before GC invocations=11 (full 0):
 garbage-first heap   total 158720K, used 110023K [0x0000000085c00000, 0x0000000100000000)
  region size 1024K, 93 young (95232K), 8 survivors (8192K)
 Metaspace       used 60692K, capacity 62507K, committed 62848K, reserved 1103872K
  class space    used 7999K, capacity 8721K, committed 8832K, reserved 1048576K
}
Event: 10,707 GC heap after
{Heap after GC invocations=12 (full 0):
 garbage-first heap   total 196608K, used 27134K [0x0000000085c00000, 0x0000000100000000)
  region size 1024K, 8 young (8192K), 8 survivors (8192K)
 Metaspace       used 60692K, capacity 62507K, committed 62848K, reserved 1103872K
  class space    used 7999K, capacity 8721K, committed 8832K, reserved 1048576K
}
Event: 1042,752 GC heap before
{Heap before GC invocations=12 (full 0):
 garbage-first heap   total 196608K, used 136702K [0x0000000085c00000, 0x0000000100000000)
  region size 1024K, 115 young (117760K), 8 survivors (8192K)
 Metaspace       used 70069K, capacity 72161K, committed 72448K, reserved 1112064K
  class space    used 9134K, capacity 9943K, committed 9984K, reserved 1048576K
}
Event: 1042,887 GC heap after
{Heap after GC invocations=13 (full 0):
 garbage-first heap   total 196608K, used 30953K [0x0000000085c00000, 0x0000000100000000)
  region size 1024K, 12 young (12288K), 12 survivors (12288K)
 Metaspace       used 70069K, capacity 72161K, committed 72448K, reserved 1112064K
  class space    used 9134K, capacity 9943K, committed 9984K, reserved 1048576K
}

